app/build/intermediates/manifest_merge_blame_file/debug/manifest-merger-blame-debug-report.txt
1<?xml version="1.0" encoding="utf-8"?>
2<manifest xmlns:android="http://schemas.android.com/apk/res/android"
3    package="cn.lxbest.wb2020.checkonline"
4    android:versionCode="1"
5    android:versionName="1.0" >
6
7    <uses-sdk
8        android:minSdkVersion="16"
8-->src\main\AndroidManifest.xml
9        android:targetSdkVersion="29" />
9-->src\main\AndroidManifest.xml
10
11    <uses-permission android:name="android.permission.ACCESS_WIFI_STATE" />
11-->src\main\AndroidManifest.xml:5:5-75
11-->src\main\AndroidManifest.xml:5:22-73
12    <uses-permission android:name="android.permission.INTERNET" />
12-->src\main\AndroidManifest.xml:6:5-66
12-->src\main\AndroidManifest.xml:6:22-64
13    <uses-permission android:name="android.permission.ACCESS_FINE_LOCATION" />
13-->src\main\AndroidManifest.xml:7:5-79
13-->src\main\AndroidManifest.xml:7:22-76
14    <uses-permission android:name="android.permission.WRITE_EXTERNAL_STORAGE" />
14-->[com.daimajia.slider:library:1.1.5] AndroidManifest.xml:12:5-81
14-->[com.daimajia.slider:library:1.1.5] AndroidManifest.xml:12:22-78
15    <uses-permission android:name="android.permission.READ_EXTERNAL_STORAGE" />
16
17    <application
17-->src\main\AndroidManifest.xml:10:5-34:19
18        android:name="cn.lxbest.wb2020.checkonline.App"
18-->src\main\AndroidManifest.xml:11:9-28
19        android:allowBackup="true"
19-->src\main\AndroidManifest.xml:12:9-35
20        android:appComponentFactory="androidx.core.app.CoreComponentFactory"
20-->[androidx.core:core:1.1.0] AndroidManifest.xml:24:18-86
21        android:debuggable="true"
22        android:icon="@mipmap/ic_launcher"
22-->src\main\AndroidManifest.xml:13:9-43
23        android:label="@string/app_name"
23-->src\main\AndroidManifest.xml:14:9-41
24        android:roundIcon="@mipmap/ic_launcher_round"
24-->src\main\AndroidManifest.xml:15:9-54
25        android:supportsRtl="true"
25-->src\main\AndroidManifest.xml:16:9-35
26        android:testOnly="true"
27        android:theme="@style/AppTheme" >
27-->src\main\AndroidManifest.xml:17:9-40
28        <activity android:name="cn.lxbest.wb2020.checkonline.SplashActivity" >
28-->src\main\AndroidManifest.xml:18:9-23:20
28-->src\main\AndroidManifest.xml:18:19-49
29            <intent-filter>
29-->src\main\AndroidManifest.xml:19:13-22:29
30                <action android:name="android.intent.action.MAIN" />
30-->src\main\AndroidManifest.xml:20:17-69
30-->src\main\AndroidManifest.xml:20:25-66
31
32                <category android:name="android.intent.category.LAUNCHER" />
32-->src\main\AndroidManifest.xml:21:17-77
32-->src\main\AndroidManifest.xml:21:27-74
33            </intent-filter>
34        </activity>
35        <activity android:name="cn.lxbest.wb2020.checkonline.Login_activity" />
35-->src\main\AndroidManifest.xml:24:9-52
35-->src\main\AndroidManifest.xml:24:19-49
36        <activity android:name="cn.lxbest.wb2020.checkonline.WiFi_Activity" />
36-->src\main\AndroidManifest.xml:25:9-50
36-->src\main\AndroidManifest.xml:25:19-48
37        <activity android:name="cn.lxbest.wb2020.checkonline.Add_User_Activity" />
37-->src\main\AndroidManifest.xml:26:9-55
37-->src\main\AndroidManifest.xml:26:19-52
38        <activity android:name="cn.lxbest.wb2020.checkonline.Add_News_Activity" />
38-->src\main\AndroidManifest.xml:27:9-55
38-->src\main\AndroidManifest.xml:27:19-52
39        <activity android:name="cn.lxbest.wb2020.checkonline.News_Activity" />
39-->src\main\AndroidManifest.xml:28:9-51
39-->src\main\AndroidManifest.xml:28:19-48
40        <activity android:name="cn.lxbest.wb2020.checkonline.NewsXQ_Activity" />
40-->src\main\AndroidManifest.xml:29:9-53
40-->src\main\AndroidManifest.xml:29:19-50
41        <activity android:name="cn.lxbest.wb2020.checkonline.Web_Abouts_Activity" />
41-->src\main\AndroidManifest.xml:30:9-57
41-->src\main\AndroidManifest.xml:30:19-54
42        <activity android:name="cn.lxbest.wb2020.checkonline.LiuYans_Activity" />
42-->src\main\AndroidManifest.xml:31:9-54
42-->src\main\AndroidManifest.xml:31:19-51
43        <activity android:name="cn.lxbest.wb2020.checkonline.LiuYanXQ_Activity" />
43-->src\main\AndroidManifest.xml:32:9-55
43-->src\main\AndroidManifest.xml:32:19-52
44        <activity android:name="cn.lxbest.wb2020.checkonline.Home_Activity" />
44-->src\main\AndroidManifest.xml:33:9-51
44-->src\main\AndroidManifest.xml:33:19-48
45    </application>
46
47</manifest>